<?xml version="1.0" encoding="UTF-8"?>
<!-- Generated by org.testng.reporters.JUnitXMLReporter -->
<testsuite ignored="0" hostname="JangWonYoung" failures="0" tests="2" name="Command line test" time="15.783" errors="0" timestamp="2021-12-16T03:40:17 ICT">
  <testcase classname="Models.test.authentication.LoginTest" name="loginWithCorrectCreds" time="8.271"/>
  <testcase classname="Models.test.authentication.LoginTest" name="loginWithInCorrectCreds" time="7.488"/>
</testsuite> <!-- Command line test -->
