<?xml version="1.0" encoding="UTF-8"?>
<testng-results ignored="0" total="2" passed="2" failed="0" skipped="0">
  <reporter-output>
  </reporter-output>
  <suite started-at="2021-12-16T03:40:01 ICT" name="Command line suite" finished-at="2021-12-16T03:40:17 ICT" duration-ms="15783">
    <groups>
    </groups>
    <test started-at="2021-12-16T03:40:01 ICT" name="Command line test" finished-at="2021-12-16T03:40:17 ICT" duration-ms="15783">
      <class name="Models.test.authentication.LoginTest">
        <test-method signature="loginWithCorrectCreds()[pri:0, instance:Models.test.authentication.LoginTest@7f416310]" started-at="2021-12-16T03:40:01 ICT" name="loginWithCorrectCreds" finished-at="2021-12-16T03:40:10 ICT" duration-ms="8271" status="PASS">
          <reporter-output>
          </reporter-output>
        </test-method> <!-- loginWithCorrectCreds -->
        <test-method signature="loginWithInCorrectCreds()[pri:0, instance:Models.test.authentication.LoginTest@7f416310]" started-at="2021-12-16T03:40:10 ICT" name="loginWithInCorrectCreds" finished-at="2021-12-16T03:40:17 ICT" duration-ms="7488" status="PASS">
          <reporter-output>
          </reporter-output>
        </test-method> <!-- loginWithInCorrectCreds -->
      </class> <!-- Models.test.authentication.LoginTest -->
    </test> <!-- Command line test -->
  </suite> <!-- Command line suite -->
</testng-results>
